<?xml version="1.0" encoding="UTF-8"?>
<!-- Generated by org.testng.reporters.JUnitXMLReporter -->
<testsuite hostname="LAPTOP-H9B048JB" ignored="0" name="Surefire test" tests="5" failures="0" timestamp="08 Sep 2020 23:16:32 GMT" time="45.168" errors="0">
  <testcase name="addCategory" time="8.72" classname="Test.AddCategoryTest"/>
  <testcase name="validationAddCategory" time="6.913" classname="Test.AddCategoryTest"/>
  <testcase name="duplicateCategory" time="7.192" classname="Test.DuplicateCategoryTest"/>
  <testcase name="deleteAddedCategory" time="15.067" classname="Test.EraseAddedCategoryTest"/>
  <testcase name="validateAllMonth" time="7.252" classname="Test.ValidateAllMonthTest"/>
</testsuite> <!-- Surefire test -->
