<?xml version="1.0" encoding="UTF-8"?>
<!-- Generated by org.testng.reporters.JUnitXMLReporter -->
<testsuite hostname="LAPTOP-H9B048JB" ignored="0" name="Default test" tests="4" failures="0" timestamp="07 Sep 2020 20:57:53 GMT" time="43.83" errors="0">
  <testcase name="addCategory" time="8.37" classname="Test.AddCategoryTest"/>
  <testcase name="validationAddCategory" time="19.016" classname="Test.AddCategoryTest"/>
  <testcase name="validateAllMonth" time="8.01" classname="Test.ValidateAllMonthTest"/>
  <testcase name="duplicateCategory" time="8.381" classname="Test.DuplicateCategoryTest"/>
</testsuite> <!-- Default test -->
