<?xml version="1.0" encoding="UTF-8"?>
<!-- Generated by org.testng.reporters.JUnitXMLReporter -->
<testsuite hostname="LAPTOP-H9B048JB" ignored="0" name="Test" tests="5" failures="0" timestamp="08 Sep 2020 06:39:57 GMT" time="44.978" errors="0">
  <testcase name="addCategory" time="7.099" classname="Test.AddCategoryTest"/>
  <testcase name="validationAddCategory" time="7.21" classname="Test.AddCategoryTest"/>
  <testcase name="validateAllMonth" time="7.256" classname="Test.ValidateAllMonthTest"/>
  <testcase name="duplicateCategory" time="8.417" classname="Test.DuplicateCategoryTest"/>
  <testcase name="deleteAddedCategory" time="14.955" classname="Test.DeleteAddedCategoryTest"/>
</testsuite> <!-- Test -->
