<?xml version="1.0" encoding="UTF-8"?>
<testng-results skipped="0" failed="0" ignored="0" total="5" passed="5">
  <reporter-output>
  </reporter-output>
  <suite name="Surefire suite" duration-ms="45168" started-at="2020-09-08T23:15:46Z" finished-at="2020-09-08T23:16:32Z">
    <groups>
    </groups>
    <test name="Surefire test" duration-ms="45168" started-at="2020-09-08T23:15:46Z" finished-at="2020-09-08T23:16:32Z">
      <class name="Test.AddCategoryTest">
        <test-method status="PASS" signature="addCategory()[pri:0, instance:Test.AddCategoryTest@4b5a5ed1]" name="addCategory" duration-ms="8720" started-at="2020-09-08T23:15:46Z" finished-at="2020-09-08T23:15:55Z">
          <reporter-output>
          </reporter-output>
        </test-method> <!-- addCategory -->
        <test-method status="PASS" signature="validationAddCategory()[pri:0, instance:Test.AddCategoryTest@4b5a5ed1]" name="validationAddCategory" duration-ms="6913" started-at="2020-09-08T23:15:55Z" finished-at="2020-09-08T23:16:02Z">
          <reporter-output>
          </reporter-output>
        </test-method> <!-- validationAddCategory -->
      </class> <!-- Test.AddCategoryTest -->
      <class name="Test.ValidateAllMonthTest">
        <test-method status="PASS" signature="validateAllMonth()[pri:0, instance:Test.ValidateAllMonthTest@20d28811]" name="validateAllMonth" duration-ms="7252" started-at="2020-09-08T23:16:24Z" finished-at="2020-09-08T23:16:32Z">
          <reporter-output>
          </reporter-output>
        </test-method> <!-- validateAllMonth -->
      </class> <!-- Test.ValidateAllMonthTest -->
      <class name="Test.DuplicateCategoryTest">
        <test-method status="PASS" signature="duplicateCategory()[pri:0, instance:Test.DuplicateCategoryTest@59d016c9]" name="duplicateCategory" duration-ms="7192" started-at="2020-09-08T23:16:02Z" finished-at="2020-09-08T23:16:09Z">
          <reporter-output>
          </reporter-output>
        </test-method> <!-- duplicateCategory -->
      </class> <!-- Test.DuplicateCategoryTest -->
      <class name="Test.EraseAddedCategoryTest">
        <test-method status="PASS" signature="deleteAddedCategory()[pri:0, instance:Test.EraseAddedCategoryTest@3cc2931c]" name="deleteAddedCategory" duration-ms="15067" started-at="2020-09-08T23:16:09Z" finished-at="2020-09-08T23:16:24Z">
          <reporter-output>
          </reporter-output>
        </test-method> <!-- deleteAddedCategory -->
      </class> <!-- Test.EraseAddedCategoryTest -->
    </test> <!-- Surefire test -->
  </suite> <!-- Surefire suite -->
</testng-results>
